c:\users\ilovememes\source\repos\traffic\traffic\x64\debug\vc143.pdb
c:\users\ilovememes\source\repos\traffic\traffic\x64\debug\vc143.idb
c:\users\ilovememes\source\repos\traffic\traffic\x64\debug\statcollector.obj
c:\users\ilovememes\source\repos\traffic\traffic\x64\debug\route.obj
c:\users\ilovememes\source\repos\traffic\traffic\x64\debug\random.obj
c:\users\ilovememes\source\repos\traffic\traffic\x64\debug\passenger.obj
c:\users\ilovememes\source\repos\traffic\traffic\x64\debug\outputwriter.obj
c:\users\ilovememes\source\repos\traffic\traffic\x64\debug\main.obj
c:\users\ilovememes\source\repos\traffic\traffic\x64\debug\inputreader.obj
c:\users\ilovememes\source\repos\traffic\traffic\x64\debug\experiment.obj
c:\users\ilovememes\source\repos\traffic\traffic\x64\debug\entity.obj
c:\users\ilovememes\source\repos\traffic\traffic\x64\debug\busstop.obj
c:\users\ilovememes\source\repos\traffic\traffic\x64\debug\bus.obj
c:\users\ilovememes\source\repos\traffic\traffic\x64\debug\builder.obj
c:\users\ilovememes\source\repos\traffic\traffic\x64\debug\traffic.ilk
c:\users\ilovememes\source\repos\traffic\x64\debug\traffic.exe
c:\users\ilovememes\source\repos\traffic\x64\debug\traffic.pdb
c:\users\ilovememes\source\repos\traffic\traffic\x64\debug\traffic.tlog\cl.command.1.tlog
c:\users\ilovememes\source\repos\traffic\traffic\x64\debug\traffic.tlog\cl.read.1.tlog
c:\users\ilovememes\source\repos\traffic\traffic\x64\debug\traffic.tlog\cl.write.1.tlog
c:\users\ilovememes\source\repos\traffic\traffic\x64\debug\traffic.tlog\link.command.1.tlog
c:\users\ilovememes\source\repos\traffic\traffic\x64\debug\traffic.tlog\link.read.1.tlog
c:\users\ilovememes\source\repos\traffic\traffic\x64\debug\traffic.tlog\link.write.1.tlog
